<?xml version="1.0" encoding="UTF-8"?>
<testsuite name="mice_invaders.MiceInvaderTest" tests="1" skipped="0" failures="0" errors="0" timestamp="2021-08-16T05:34:41" hostname="jiwoo.local" time="0.05">
  <properties/>
  <testcase name="moveMissileWithHigherSpeed()" classname="mice_invaders.MiceInvaderTest" time="0.05"/>
  <system-out><![CDATA[]]></system-out>
  <system-err><![CDATA[]]></system-err>
</testsuite>
