<?xml version="1.0" encoding="UTF-8"?>
<testsuite name="mice_invaders.MiceInvaderTest" tests="34" skipped="0" failures="0" errors="0" timestamp="2021-08-17T06:41:15" hostname="jiwoo.local" time="0.155">
  <properties/>
  <testcase name="createArenaAndConvertToString()" classname="mice_invaders.MiceInvaderTest" time="0.037"/>
  <testcase name="moveCatRightWithSpeedButStayStill()" classname="mice_invaders.MiceInvaderTest" time="0.005"/>
  <testcase name="placeMouseWithSizeOutsideArena()" classname="mice_invaders.MiceInvaderTest" time="0.004"/>
  <testcase name="moveCatRightWithSizeButStayStill()" classname="mice_invaders.MiceInvaderTest" time="0.001"/>
  <testcase name="moveCatRightWithSpeed()" classname="mice_invaders.MiceInvaderTest" time="0.002"/>
  <testcase name="shootMissileWithDefaultSizeFromMiddleOfCat()" classname="mice_invaders.MiceInvaderTest" time="0.005"/>
  <testcase name="moveCatLeftWithSizeButStayStill()" classname="mice_invaders.MiceInvaderTest" time="0.001"/>
  <testcase name="moveMissileUp()" classname="mice_invaders.MiceInvaderTest" time="0.001"/>
  <testcase name="moveMousePartialRightWithSpeedButStayStill()" classname="mice_invaders.MiceInvaderTest" time="0.002"/>
  <testcase name="placeCatInArena()" classname="mice_invaders.MiceInvaderTest" time="0.001"/>
  <testcase name="placeCatOutsideArenaThrowException()" classname="mice_invaders.MiceInvaderTest" time="0.005"/>
  <testcase name="checkIsOutsideArenaReturnsTrueForDefaultSize()" classname="mice_invaders.MiceInvaderTest" time="0.008"/>
  <testcase name="checkIsOutsideArenaReturnsTrueForNonDefaultSize()" classname="mice_invaders.MiceInvaderTest" time="0.003"/>
  <testcase name="moveMouseRightWhenReachLeftEdge()" classname="mice_invaders.MiceInvaderTest" time="0.001"/>
  <testcase name="missileHigherThanArenaThrowsException()" classname="mice_invaders.MiceInvaderTest" time="0.002"/>
  <testcase name="checkIsOutsideArenaReturnsFalseForDefaultSize()" classname="mice_invaders.MiceInvaderTest" time="0.004"/>
  <testcase name="moveMissileOutOfArena()" classname="mice_invaders.MiceInvaderTest" time="0.004"/>
  <testcase name="moveCatLeftWithSizeOneStep()" classname="mice_invaders.MiceInvaderTest" time="0.001"/>
  <testcase name="moveMouseLeftWhenReachRightEdge()" classname="mice_invaders.MiceInvaderTest" time="0.001"/>
  <testcase name="moveCatLeftWithSpeedButStayStill()" classname="mice_invaders.MiceInvaderTest" time="0.001"/>
  <testcase name="canaryTest()" classname="mice_invaders.MiceInvaderTest" time="0.001"/>
  <testcase name="placeMouseWithCoordinateAndSizeInArena()" classname="mice_invaders.MiceInvaderTest" time="0.001"/>
  <testcase name="moveCatRightButStayStill()" classname="mice_invaders.MiceInvaderTest" time="0.001"/>
  <testcase name="moveCatLeftWithSpeed()" classname="mice_invaders.MiceInvaderTest" time="0.001"/>
  <testcase name="placeCatWithSizeOutsideArena()" classname="mice_invaders.MiceInvaderTest" time="0.002"/>
  <testcase name="moveMissileWithHigherSpeed()" classname="mice_invaders.MiceInvaderTest" time="0.002"/>
  <testcase name="placeCatWithSizeInArena()" classname="mice_invaders.MiceInvaderTest" time="0.001"/>
  <testcase name="checkIsOutsideArenaReturnsFalseForNonDefaultSize()" classname="mice_invaders.MiceInvaderTest" time="0.002"/>
  <testcase name="shootMissileWithNonDefaultSizeFromMiddleOfCat()" classname="mice_invaders.MiceInvaderTest" time="0.001"/>
  <testcase name="moveCatRightOneStep()" classname="mice_invaders.MiceInvaderTest" time="0.001"/>
  <testcase name="moveCatPartialRightWithSpeed()" classname="mice_invaders.MiceInvaderTest" time="0.001"/>
  <testcase name="missileWiderThanCatThrowsException()" classname="mice_invaders.MiceInvaderTest" time="0.002"/>
  <testcase name="moveCatPartialLeftWithSpeed()" classname="mice_invaders.MiceInvaderTest" time="0.001"/>
  <testcase name="moveMouseRightFirstWithSpeed()" classname="mice_invaders.MiceInvaderTest" time="0.001"/>
  <system-out><![CDATA[]]></system-out>
  <system-err><![CDATA[]]></system-err>
</testsuite>
