<?xml version="1.0" encoding="UTF-8"?>
<testsuite name="mice_invaders.MiceInvaderTest" tests="1" skipped="0" failures="0" errors="0" timestamp="2021-08-18T02:56:07" hostname="jiwoo.local" time="0.031">
  <properties/>
  <testcase name="detectCollisionWhenPartialOverlap()" classname="mice_invaders.MiceInvaderTest" time="0.031"/>
  <system-out><![CDATA[]]></system-out>
  <system-err><![CDATA[]]></system-err>
</testsuite>
