<?xml version="1.0" encoding="UTF-8"?>
<testsuite name="mice_invaders.miceInvaderTest" tests="1" skipped="0" failures="0" errors="0" timestamp="2021-08-04T08:10:00" hostname="jiwoo.local" time="0.067">
  <properties/>
  <testcase name="moveCatPartialRightWithSpeed()" classname="mice_invaders.miceInvaderTest" time="0.067"/>
  <system-out><![CDATA[]]></system-out>
  <system-err><![CDATA[]]></system-err>
</testsuite>
